<?xml version="1.0" encoding="UTF-8"?>
<!-- Generated by org.testng.reporters.JUnitReportReporter -->
<testsuite hostname="ReddiMahesh" failures="0" tests="1" name="tests.ThreeTest" time="20.465" errors="0" timestamp="2022-06-27T11:15:56 IST" skipped="0">
  <testcase classname="tests.ThreeTest" name="testThree" time="20.465"/>
  <system-out/>
</testsuite> <!-- tests.ThreeTest -->
