<?xml version="1.0" encoding="UTF-8"?>
<!-- Generated by org.testng.reporters.JUnitReportReporter -->
<testsuite hostname="ReddiMahesh" failures="0" tests="1" name="runner.Runner" time="15.755" errors="0" timestamp="2022-06-27T17:07:27 IST" skipped="0">
  <testcase classname="runner.Runner" name="runScenario" time="15.755"/>
  <system-out/>
</testsuite> <!-- runner.Runner -->
