<?xml version="1.0" encoding="UTF-8"?>
<!-- Generated by org.testng.reporters.JUnitReportReporter -->
<testsuite hostname="ReddiMahesh" failures="0" tests="1" name="tests.TwoTest" time="15.605" errors="0" timestamp="2022-06-27T17:20:34 IST" skipped="0">
  <testcase classname="tests.TwoTest" name="testTwo" time="15.605"/>
  <system-out/>
</testsuite> <!-- tests.TwoTest -->
