<?xml version="1.0" encoding="UTF-8"?>
<!-- Generated by org.testng.reporters.JUnitReportReporter -->
<testsuite hostname="ReddiMahesh" failures="0" tests="1" name="tests.LoginTest" time="25.966" errors="0" timestamp="2022-06-27T17:20:34 IST" skipped="0">
  <testcase classname="tests.LoginTest" name="login" time="25.966"/>
  <system-out/>
</testsuite> <!-- tests.LoginTest -->
